-------------------------------------------------------------------------------
Test set: fr.univcotedazur.isadevops.repositories.CustomerRepositoryTest
-------------------------------------------------------------------------------
Tests run: 4, Failures: 0, Errors: 4, Skipped: 0, Time elapsed: 0.152 s <<< FAILURE! -- in fr.univcotedazur.isadevops.repositories.CustomerRepositoryTest
fr.univcotedazur.isadevops.repositories.CustomerRepositoryTest.testBlankName -- Time elapsed: 0.003 s <<< ERROR!
java.lang.IllegalStateException: Could not initialize plugin: interface org.mockito.plugins.MockMaker (alternate: null)
	at org.mockito.internal.configuration.plugins.PluginLoader$1.invoke(PluginLoader.java:84)
	at jdk.proxy2/jdk.proxy2.$Proxy188.getHandler(Unknown Source)
	at org.mockito.internal.util.MockUtil.getMockHandlerOrNull(MockUtil.java:158)
	at org.mockito.internal.util.MockUtil.isMock(MockUtil.java:147)
	at org.mockito.internal.util.DefaultMockingDetails.isMock(DefaultMockingDetails.java:32)
	at org.springframework.boot.test.mock.mockito.MockReset.get(MockReset.java:106)
	at org.springframework.boot.test.mock.mockito.ResetMocksTestExecutionListener.resetMocks(ResetMocksTestExecutionListener.java:85)
	at org.springframework.boot.test.mock.mockito.ResetMocksTestExecutionListener.resetMocks(ResetMocksTestExecutionListener.java:73)
	at org.springframework.boot.test.mock.mockito.ResetMocksTestExecutionListener.beforeTestMethod(ResetMocksTestExecutionListener.java:60)
	at org.springframework.test.context.TestContextManager.beforeTestMethod(TestContextManager.java:299)
	at org.springframework.test.context.junit.jupiter.SpringExtension.beforeEach(SpringExtension.java:240)
	at java.base/java.util.ArrayList.forEach(ArrayList.java:1511)
	at java.base/java.util.ArrayList.forEach(ArrayList.java:1511)
	Suppressed: java.lang.IllegalStateException: Could not initialize plugin: interface org.mockito.plugins.MockMaker (alternate: null)
		at org.mockito.internal.configuration.plugins.PluginLoader$1.invoke(PluginLoader.java:84)
		at jdk.proxy2/jdk.proxy2.$Proxy188.getHandler(Unknown Source)
		at org.mockito.internal.util.MockUtil.getMockHandlerOrNull(MockUtil.java:158)
		at org.mockito.internal.util.MockUtil.isMock(MockUtil.java:147)
		at org.mockito.internal.util.DefaultMockingDetails.isMock(DefaultMockingDetails.java:32)
		at org.springframework.boot.test.mock.mockito.MockReset.get(MockReset.java:106)
		at org.springframework.boot.test.mock.mockito.ResetMocksTestExecutionListener.resetMocks(ResetMocksTestExecutionListener.java:85)
		at org.springframework.boot.test.mock.mockito.ResetMocksTestExecutionListener.resetMocks(ResetMocksTestExecutionListener.java:73)
		at org.springframework.boot.test.mock.mockito.ResetMocksTestExecutionListener.afterTestMethod(ResetMocksTestExecutionListener.java:67)
		at org.springframework.test.context.TestContextManager.afterTestMethod(TestContextManager.java:466)
		at org.springframework.test.context.junit.jupiter.SpringExtension.afterEach(SpringExtension.java:278)
		... 2 more
	Caused by: java.lang.IllegalStateException: Internal problem occurred, please report it. Mockito is unable to load the default implementation of class that is a part of Mockito distribution. Failed to load interface org.mockito.plugins.MockMaker
		at org.mockito.internal.configuration.plugins.DefaultMockitoPlugins.create(DefaultMockitoPlugins.java:105)
		at org.mockito.internal.configuration.plugins.DefaultMockitoPlugins.getDefaultPlugin(DefaultMockitoPlugins.java:79)
		at org.mockito.internal.configuration.plugins.PluginLoader.loadPlugin(PluginLoader.java:75)
		at org.mockito.internal.configuration.plugins.PluginLoader.loadPlugin(PluginLoader.java:50)
		at org.mockito.internal.configuration.plugins.PluginRegistry.<init>(PluginRegistry.java:27)
		at org.mockito.internal.configuration.plugins.Plugins.<clinit>(Plugins.java:22)
		at org.mockito.internal.MockitoCore.<clinit>(MockitoCore.java:73)
		at org.mockito.Mockito.<clinit>(Mockito.java:1683)
		at org.springframework.boot.test.mock.mockito.MockReset.get(MockReset.java:105)
		at org.springframework.boot.test.mock.mockito.ResetMocksTestExecutionListener.resetMocks(ResetMocksTestExecutionListener.java:85)
		at org.springframework.boot.test.mock.mockito.ResetMocksTestExecutionListener.resetMocks(ResetMocksTestExecutionListener.java:73)
		at org.springframework.boot.test.mock.mockito.ResetMocksTestExecutionListener.beforeTestMethod(ResetMocksTestExecutionListener.java:60)
		at org.springframework.test.context.TestContextManager.beforeTestMethod(TestContextManager.java:299)
		at org.springframework.test.context.junit.jupiter.SpringExtension.beforeEach(SpringExtension.java:240)
		... 2 more
	Caused by: java.lang.reflect.InvocationTargetException
		at java.base/java.lang.reflect.Constructor.newInstanceWithCaller(Constructor.java:499)
		at java.base/java.lang.reflect.Constructor.newInstance(Constructor.java:480)
		at org.mockito.internal.configuration.plugins.DefaultMockitoPlugins.create(DefaultMockitoPlugins.java:103)
		... 15 more
	Caused by: org.mockito.exceptions.base.MockitoInitializationException: 
Could not initialize inline Byte Buddy mock maker.

It appears as if your JDK does not supply a working agent attachment mechanism.
Java               : 17
JVM vendor name    : Debian
JVM vendor version : 17.0.10+7-Debian-1
JVM name           : OpenJDK 64-Bit Server VM
JVM version        : 17.0.10+7-Debian-1
JVM info           : mixed mode, sharing
OS name            : Linux
OS version         : 5.15.146.1-microsoft-standard-WSL2

		at org.mockito.internal.creation.bytebuddy.InlineDelegateByteBuddyMockMaker.<init>(InlineDelegateByteBuddyMockMaker.java:260)
		at org.mockito.internal.creation.bytebuddy.InlineByteBuddyMockMaker.<init>(InlineByteBuddyMockMaker.java:23)
		... 18 more
	Caused by: java.lang.IllegalStateException: Could not self-attach to current VM using external process
		at net.bytebuddy.agent.ByteBuddyAgent.installExternal(ByteBuddyAgent.java:706)
		at net.bytebuddy.agent.ByteBuddyAgent.install(ByteBuddyAgent.java:636)
		at net.bytebuddy.agent.ByteBuddyAgent.install(ByteBuddyAgent.java:616)
		at net.bytebuddy.agent.ByteBuddyAgent.install(ByteBuddyAgent.java:568)
		at net.bytebuddy.agent.ByteBuddyAgent.install(ByteBuddyAgent.java:545)
		at org.mockito.internal.creation.bytebuddy.InlineDelegateByteBuddyMockMaker.<clinit>(InlineDelegateByteBuddyMockMaker.java:133)
		... 19 more
Caused by: [CIRCULAR REFERENCE: java.lang.IllegalStateException: Internal problem occurred, please report it. Mockito is unable to load the default implementation of class that is a part of Mockito distribution. Failed to load interface org.mockito.plugins.MockMaker]

fr.univcotedazur.isadevops.repositories.CustomerRepositoryTest.testFindCustomerByName -- Time elapsed: 0.004 s <<< ERROR!
java.lang.IllegalStateException: Could not initialize plugin: interface org.mockito.plugins.MockMaker (alternate: null)
	at org.mockito.internal.configuration.plugins.PluginLoader$1.invoke(PluginLoader.java:84)
	at jdk.proxy2/jdk.proxy2.$Proxy188.getHandler(Unknown Source)
	at org.mockito.internal.util.MockUtil.getMockHandlerOrNull(MockUtil.java:158)
	at org.mockito.internal.util.MockUtil.isMock(MockUtil.java:147)
	at org.mockito.internal.util.DefaultMockingDetails.isMock(DefaultMockingDetails.java:32)
	at org.springframework.boot.test.mock.mockito.MockReset.get(MockReset.java:106)
	at org.springframework.boot.test.mock.mockito.ResetMocksTestExecutionListener.resetMocks(ResetMocksTestExecutionListener.java:85)
	at org.springframework.boot.test.mock.mockito.ResetMocksTestExecutionListener.resetMocks(ResetMocksTestExecutionListener.java:73)
	at org.springframework.boot.test.mock.mockito.ResetMocksTestExecutionListener.beforeTestMethod(ResetMocksTestExecutionListener.java:60)
	at org.springframework.test.context.TestContextManager.beforeTestMethod(TestContextManager.java:299)
	at org.springframework.test.context.junit.jupiter.SpringExtension.beforeEach(SpringExtension.java:240)
	at java.base/java.util.ArrayList.forEach(ArrayList.java:1511)
	at java.base/java.util.ArrayList.forEach(ArrayList.java:1511)
	Suppressed: java.lang.IllegalStateException: Could not initialize plugin: interface org.mockito.plugins.MockMaker (alternate: null)
		at org.mockito.internal.configuration.plugins.PluginLoader$1.invoke(PluginLoader.java:84)
		at jdk.proxy2/jdk.proxy2.$Proxy188.getHandler(Unknown Source)
		at org.mockito.internal.util.MockUtil.getMockHandlerOrNull(MockUtil.java:158)
		at org.mockito.internal.util.MockUtil.isMock(MockUtil.java:147)
		at org.mockito.internal.util.DefaultMockingDetails.isMock(DefaultMockingDetails.java:32)
		at org.springframework.boot.test.mock.mockito.MockReset.get(MockReset.java:106)
		at org.springframework.boot.test.mock.mockito.ResetMocksTestExecutionListener.resetMocks(ResetMocksTestExecutionListener.java:85)
		at org.springframework.boot.test.mock.mockito.ResetMocksTestExecutionListener.resetMocks(ResetMocksTestExecutionListener.java:73)
		at org.springframework.boot.test.mock.mockito.ResetMocksTestExecutionListener.afterTestMethod(ResetMocksTestExecutionListener.java:67)
		at org.springframework.test.context.TestContextManager.afterTestMethod(TestContextManager.java:466)
		at org.springframework.test.context.junit.jupiter.SpringExtension.afterEach(SpringExtension.java:278)
		... 2 more
	Caused by: java.lang.IllegalStateException: Internal problem occurred, please report it. Mockito is unable to load the default implementation of class that is a part of Mockito distribution. Failed to load interface org.mockito.plugins.MockMaker
		at org.mockito.internal.configuration.plugins.DefaultMockitoPlugins.create(DefaultMockitoPlugins.java:105)
		at org.mockito.internal.configuration.plugins.DefaultMockitoPlugins.getDefaultPlugin(DefaultMockitoPlugins.java:79)
		at org.mockito.internal.configuration.plugins.PluginLoader.loadPlugin(PluginLoader.java:75)
		at org.mockito.internal.configuration.plugins.PluginLoader.loadPlugin(PluginLoader.java:50)
		at org.mockito.internal.configuration.plugins.PluginRegistry.<init>(PluginRegistry.java:27)
		at org.mockito.internal.configuration.plugins.Plugins.<clinit>(Plugins.java:22)
		at org.mockito.internal.MockitoCore.<clinit>(MockitoCore.java:73)
		at org.mockito.Mockito.<clinit>(Mockito.java:1683)
		at org.springframework.boot.test.mock.mockito.MockReset.get(MockReset.java:105)
		at org.springframework.boot.test.mock.mockito.ResetMocksTestExecutionListener.resetMocks(ResetMocksTestExecutionListener.java:85)
		at org.springframework.boot.test.mock.mockito.ResetMocksTestExecutionListener.resetMocks(ResetMocksTestExecutionListener.java:73)
		at org.springframework.boot.test.mock.mockito.ResetMocksTestExecutionListener.beforeTestMethod(ResetMocksTestExecutionListener.java:60)
		at org.springframework.test.context.TestContextManager.beforeTestMethod(TestContextManager.java:299)
		at org.springframework.test.context.junit.jupiter.SpringExtension.beforeEach(SpringExtension.java:240)
		... 2 more
	Caused by: java.lang.reflect.InvocationTargetException
		at java.base/java.lang.reflect.Constructor.newInstanceWithCaller(Constructor.java:499)
		at java.base/java.lang.reflect.Constructor.newInstance(Constructor.java:480)
		at org.mockito.internal.configuration.plugins.DefaultMockitoPlugins.create(DefaultMockitoPlugins.java:103)
		... 15 more
	Caused by: org.mockito.exceptions.base.MockitoInitializationException: 
Could not initialize inline Byte Buddy mock maker.

It appears as if your JDK does not supply a working agent attachment mechanism.
Java               : 17
JVM vendor name    : Debian
JVM vendor version : 17.0.10+7-Debian-1
JVM name           : OpenJDK 64-Bit Server VM
JVM version        : 17.0.10+7-Debian-1
JVM info           : mixed mode, sharing
OS name            : Linux
OS version         : 5.15.146.1-microsoft-standard-WSL2

		at org.mockito.internal.creation.bytebuddy.InlineDelegateByteBuddyMockMaker.<init>(InlineDelegateByteBuddyMockMaker.java:260)
		at org.mockito.internal.creation.bytebuddy.InlineByteBuddyMockMaker.<init>(InlineByteBuddyMockMaker.java:23)
		... 18 more
	Caused by: java.lang.IllegalStateException: Could not self-attach to current VM using external process
		at net.bytebuddy.agent.ByteBuddyAgent.installExternal(ByteBuddyAgent.java:706)
		at net.bytebuddy.agent.ByteBuddyAgent.install(ByteBuddyAgent.java:636)
		at net.bytebuddy.agent.ByteBuddyAgent.install(ByteBuddyAgent.java:616)
		at net.bytebuddy.agent.ByteBuddyAgent.install(ByteBuddyAgent.java:568)
		at net.bytebuddy.agent.ByteBuddyAgent.install(ByteBuddyAgent.java:545)
		at org.mockito.internal.creation.bytebuddy.InlineDelegateByteBuddyMockMaker.<clinit>(InlineDelegateByteBuddyMockMaker.java:133)
		... 19 more
Caused by: [CIRCULAR REFERENCE: java.lang.IllegalStateException: Internal problem occurred, please report it. Mockito is unable to load the default implementation of class that is a part of Mockito distribution. Failed to load interface org.mockito.plugins.MockMaker]

fr.univcotedazur.isadevops.repositories.CustomerRepositoryTest.testIdGenerationAndUnicity -- Time elapsed: 0.007 s <<< ERROR!
java.lang.IllegalStateException: Could not initialize plugin: interface org.mockito.plugins.MockMaker (alternate: null)
	at org.mockito.internal.configuration.plugins.PluginLoader$1.invoke(PluginLoader.java:84)
	at jdk.proxy2/jdk.proxy2.$Proxy188.getHandler(Unknown Source)
	at org.mockito.internal.util.MockUtil.getMockHandlerOrNull(MockUtil.java:158)
	at org.mockito.internal.util.MockUtil.isMock(MockUtil.java:147)
	at org.mockito.internal.util.DefaultMockingDetails.isMock(DefaultMockingDetails.java:32)
	at org.springframework.boot.test.mock.mockito.MockReset.get(MockReset.java:106)
	at org.springframework.boot.test.mock.mockito.ResetMocksTestExecutionListener.resetMocks(ResetMocksTestExecutionListener.java:85)
	at org.springframework.boot.test.mock.mockito.ResetMocksTestExecutionListener.resetMocks(ResetMocksTestExecutionListener.java:73)
	at org.springframework.boot.test.mock.mockito.ResetMocksTestExecutionListener.beforeTestMethod(ResetMocksTestExecutionListener.java:60)
	at org.springframework.test.context.TestContextManager.beforeTestMethod(TestContextManager.java:299)
	at org.springframework.test.context.junit.jupiter.SpringExtension.beforeEach(SpringExtension.java:240)
	at java.base/java.util.ArrayList.forEach(ArrayList.java:1511)
	at java.base/java.util.ArrayList.forEach(ArrayList.java:1511)
	Suppressed: java.lang.IllegalStateException: Could not initialize plugin: interface org.mockito.plugins.MockMaker (alternate: null)
		at org.mockito.internal.configuration.plugins.PluginLoader$1.invoke(PluginLoader.java:84)
		at jdk.proxy2/jdk.proxy2.$Proxy188.getHandler(Unknown Source)
		at org.mockito.internal.util.MockUtil.getMockHandlerOrNull(MockUtil.java:158)
		at org.mockito.internal.util.MockUtil.isMock(MockUtil.java:147)
		at org.mockito.internal.util.DefaultMockingDetails.isMock(DefaultMockingDetails.java:32)
		at org.springframework.boot.test.mock.mockito.MockReset.get(MockReset.java:106)
		at org.springframework.boot.test.mock.mockito.ResetMocksTestExecutionListener.resetMocks(ResetMocksTestExecutionListener.java:85)
		at org.springframework.boot.test.mock.mockito.ResetMocksTestExecutionListener.resetMocks(ResetMocksTestExecutionListener.java:73)
		at org.springframework.boot.test.mock.mockito.ResetMocksTestExecutionListener.afterTestMethod(ResetMocksTestExecutionListener.java:67)
		at org.springframework.test.context.TestContextManager.afterTestMethod(TestContextManager.java:466)
		at org.springframework.test.context.junit.jupiter.SpringExtension.afterEach(SpringExtension.java:278)
		... 2 more
	Caused by: java.lang.IllegalStateException: Internal problem occurred, please report it. Mockito is unable to load the default implementation of class that is a part of Mockito distribution. Failed to load interface org.mockito.plugins.MockMaker
		at org.mockito.internal.configuration.plugins.DefaultMockitoPlugins.create(DefaultMockitoPlugins.java:105)
		at org.mockito.internal.configuration.plugins.DefaultMockitoPlugins.getDefaultPlugin(DefaultMockitoPlugins.java:79)
		at org.mockito.internal.configuration.plugins.PluginLoader.loadPlugin(PluginLoader.java:75)
		at org.mockito.internal.configuration.plugins.PluginLoader.loadPlugin(PluginLoader.java:50)
		at org.mockito.internal.configuration.plugins.PluginRegistry.<init>(PluginRegistry.java:27)
		at org.mockito.internal.configuration.plugins.Plugins.<clinit>(Plugins.java:22)
		at org.mockito.internal.MockitoCore.<clinit>(MockitoCore.java:73)
		at org.mockito.Mockito.<clinit>(Mockito.java:1683)
		at org.springframework.boot.test.mock.mockito.MockReset.get(MockReset.java:105)
		at org.springframework.boot.test.mock.mockito.ResetMocksTestExecutionListener.resetMocks(ResetMocksTestExecutionListener.java:85)
		at org.springframework.boot.test.mock.mockito.ResetMocksTestExecutionListener.resetMocks(ResetMocksTestExecutionListener.java:73)
		at org.springframework.boot.test.mock.mockito.ResetMocksTestExecutionListener.beforeTestMethod(ResetMocksTestExecutionListener.java:60)
		at org.springframework.test.context.TestContextManager.beforeTestMethod(TestContextManager.java:299)
		at org.springframework.test.context.junit.jupiter.SpringExtension.beforeEach(SpringExtension.java:240)
		... 2 more
	Caused by: java.lang.reflect.InvocationTargetException
		at java.base/java.lang.reflect.Constructor.newInstanceWithCaller(Constructor.java:499)
		at java.base/java.lang.reflect.Constructor.newInstance(Constructor.java:480)
		at org.mockito.internal.configuration.plugins.DefaultMockitoPlugins.create(DefaultMockitoPlugins.java:103)
		... 15 more
	Caused by: org.mockito.exceptions.base.MockitoInitializationException: 
Could not initialize inline Byte Buddy mock maker.

It appears as if your JDK does not supply a working agent attachment mechanism.
Java               : 17
JVM vendor name    : Debian
JVM vendor version : 17.0.10+7-Debian-1
JVM name           : OpenJDK 64-Bit Server VM
JVM version        : 17.0.10+7-Debian-1
JVM info           : mixed mode, sharing
OS name            : Linux
OS version         : 5.15.146.1-microsoft-standard-WSL2

		at org.mockito.internal.creation.bytebuddy.InlineDelegateByteBuddyMockMaker.<init>(InlineDelegateByteBuddyMockMaker.java:260)
		at org.mockito.internal.creation.bytebuddy.InlineByteBuddyMockMaker.<init>(InlineByteBuddyMockMaker.java:23)
		... 18 more
	Caused by: java.lang.IllegalStateException: Could not self-attach to current VM using external process
		at net.bytebuddy.agent.ByteBuddyAgent.installExternal(ByteBuddyAgent.java:706)
		at net.bytebuddy.agent.ByteBuddyAgent.install(ByteBuddyAgent.java:636)
		at net.bytebuddy.agent.ByteBuddyAgent.install(ByteBuddyAgent.java:616)
		at net.bytebuddy.agent.ByteBuddyAgent.install(ByteBuddyAgent.java:568)
		at net.bytebuddy.agent.ByteBuddyAgent.install(ByteBuddyAgent.java:545)
		at org.mockito.internal.creation.bytebuddy.InlineDelegateByteBuddyMockMaker.<clinit>(InlineDelegateByteBuddyMockMaker.java:133)
		... 19 more
Caused by: [CIRCULAR REFERENCE: java.lang.IllegalStateException: Internal problem occurred, please report it. Mockito is unable to load the default implementation of class that is a part of Mockito distribution. Failed to load interface org.mockito.plugins.MockMaker]

fr.univcotedazur.isadevops.repositories.CustomerRepositoryTest.testCreditCardPattern -- Time elapsed: 0.002 s <<< ERROR!
java.lang.IllegalStateException: Could not initialize plugin: interface org.mockito.plugins.MockMaker (alternate: null)
	at org.mockito.internal.configuration.plugins.PluginLoader$1.invoke(PluginLoader.java:84)
	at jdk.proxy2/jdk.proxy2.$Proxy188.getHandler(Unknown Source)
	at org.mockito.internal.util.MockUtil.getMockHandlerOrNull(MockUtil.java:158)
	at org.mockito.internal.util.MockUtil.isMock(MockUtil.java:147)
	at org.mockito.internal.util.DefaultMockingDetails.isMock(DefaultMockingDetails.java:32)
	at org.springframework.boot.test.mock.mockito.MockReset.get(MockReset.java:106)
	at org.springframework.boot.test.mock.mockito.ResetMocksTestExecutionListener.resetMocks(ResetMocksTestExecutionListener.java:85)
	at org.springframework.boot.test.mock.mockito.ResetMocksTestExecutionListener.resetMocks(ResetMocksTestExecutionListener.java:73)
	at org.springframework.boot.test.mock.mockito.ResetMocksTestExecutionListener.beforeTestMethod(ResetMocksTestExecutionListener.java:60)
	at org.springframework.test.context.TestContextManager.beforeTestMethod(TestContextManager.java:299)
	at org.springframework.test.context.junit.jupiter.SpringExtension.beforeEach(SpringExtension.java:240)
	at java.base/java.util.ArrayList.forEach(ArrayList.java:1511)
	at java.base/java.util.ArrayList.forEach(ArrayList.java:1511)
	Suppressed: java.lang.IllegalStateException: Could not initialize plugin: interface org.mockito.plugins.MockMaker (alternate: null)
		at org.mockito.internal.configuration.plugins.PluginLoader$1.invoke(PluginLoader.java:84)
		at jdk.proxy2/jdk.proxy2.$Proxy188.getHandler(Unknown Source)
		at org.mockito.internal.util.MockUtil.getMockHandlerOrNull(MockUtil.java:158)
		at org.mockito.internal.util.MockUtil.isMock(MockUtil.java:147)
		at org.mockito.internal.util.DefaultMockingDetails.isMock(DefaultMockingDetails.java:32)
		at org.springframework.boot.test.mock.mockito.MockReset.get(MockReset.java:106)
		at org.springframework.boot.test.mock.mockito.ResetMocksTestExecutionListener.resetMocks(ResetMocksTestExecutionListener.java:85)
		at org.springframework.boot.test.mock.mockito.ResetMocksTestExecutionListener.resetMocks(ResetMocksTestExecutionListener.java:73)
		at org.springframework.boot.test.mock.mockito.ResetMocksTestExecutionListener.afterTestMethod(ResetMocksTestExecutionListener.java:67)
		at org.springframework.test.context.TestContextManager.afterTestMethod(TestContextManager.java:466)
		at org.springframework.test.context.junit.jupiter.SpringExtension.afterEach(SpringExtension.java:278)
		... 2 more
	Caused by: java.lang.IllegalStateException: Internal problem occurred, please report it. Mockito is unable to load the default implementation of class that is a part of Mockito distribution. Failed to load interface org.mockito.plugins.MockMaker
		at org.mockito.internal.configuration.plugins.DefaultMockitoPlugins.create(DefaultMockitoPlugins.java:105)
		at org.mockito.internal.configuration.plugins.DefaultMockitoPlugins.getDefaultPlugin(DefaultMockitoPlugins.java:79)
		at org.mockito.internal.configuration.plugins.PluginLoader.loadPlugin(PluginLoader.java:75)
		at org.mockito.internal.configuration.plugins.PluginLoader.loadPlugin(PluginLoader.java:50)
		at org.mockito.internal.configuration.plugins.PluginRegistry.<init>(PluginRegistry.java:27)
		at org.mockito.internal.configuration.plugins.Plugins.<clinit>(Plugins.java:22)
		at org.mockito.internal.MockitoCore.<clinit>(MockitoCore.java:73)
		at org.mockito.Mockito.<clinit>(Mockito.java:1683)
		at org.springframework.boot.test.mock.mockito.MockReset.get(MockReset.java:105)
		at org.springframework.boot.test.mock.mockito.ResetMocksTestExecutionListener.resetMocks(ResetMocksTestExecutionListener.java:85)
		at org.springframework.boot.test.mock.mockito.ResetMocksTestExecutionListener.resetMocks(ResetMocksTestExecutionListener.java:73)
		at org.springframework.boot.test.mock.mockito.ResetMocksTestExecutionListener.beforeTestMethod(ResetMocksTestExecutionListener.java:60)
		at org.springframework.test.context.TestContextManager.beforeTestMethod(TestContextManager.java:299)
		at org.springframework.test.context.junit.jupiter.SpringExtension.beforeEach(SpringExtension.java:240)
		... 2 more
	Caused by: java.lang.reflect.InvocationTargetException
		at java.base/java.lang.reflect.Constructor.newInstanceWithCaller(Constructor.java:499)
		at java.base/java.lang.reflect.Constructor.newInstance(Constructor.java:480)
		at org.mockito.internal.configuration.plugins.DefaultMockitoPlugins.create(DefaultMockitoPlugins.java:103)
		... 15 more
	Caused by: org.mockito.exceptions.base.MockitoInitializationException: 
Could not initialize inline Byte Buddy mock maker.

It appears as if your JDK does not supply a working agent attachment mechanism.
Java               : 17
JVM vendor name    : Debian
JVM vendor version : 17.0.10+7-Debian-1
JVM name           : OpenJDK 64-Bit Server VM
JVM version        : 17.0.10+7-Debian-1
JVM info           : mixed mode, sharing
OS name            : Linux
OS version         : 5.15.146.1-microsoft-standard-WSL2

		at org.mockito.internal.creation.bytebuddy.InlineDelegateByteBuddyMockMaker.<init>(InlineDelegateByteBuddyMockMaker.java:260)
		at org.mockito.internal.creation.bytebuddy.InlineByteBuddyMockMaker.<init>(InlineByteBuddyMockMaker.java:23)
		... 18 more
	Caused by: java.lang.IllegalStateException: Could not self-attach to current VM using external process
		at net.bytebuddy.agent.ByteBuddyAgent.installExternal(ByteBuddyAgent.java:706)
		at net.bytebuddy.agent.ByteBuddyAgent.install(ByteBuddyAgent.java:636)
		at net.bytebuddy.agent.ByteBuddyAgent.install(ByteBuddyAgent.java:616)
		at net.bytebuddy.agent.ByteBuddyAgent.install(ByteBuddyAgent.java:568)
		at net.bytebuddy.agent.ByteBuddyAgent.install(ByteBuddyAgent.java:545)
		at org.mockito.internal.creation.bytebuddy.InlineDelegateByteBuddyMockMaker.<clinit>(InlineDelegateByteBuddyMockMaker.java:133)
		... 19 more
Caused by: [CIRCULAR REFERENCE: java.lang.IllegalStateException: Internal problem occurred, please report it. Mockito is unable to load the default implementation of class that is a part of Mockito distribution. Failed to load interface org.mockito.plugins.MockMaker]

